[2023-01-29T11:21:29.200] [INFO] successLog - 
*************** response log start ***************
请求方式: GET
请求URL:  /api
请求IP:  127.0.0.1
请求参数Query:  {}
响应: 1
返回状态码: 401
返回数据: 
undefined
*************** response log end ***************

[2023-01-29T11:21:43.170] [INFO] successLog - 
*************** response log start ***************
请求方式: GET
请求URL:  /api
请求IP:  127.0.0.1
请求参数Query:  {}
响应: 17
返回状态码: 200
返回数据: 
{"count":0,"rows":[]}
*************** response log end ***************

[2023-01-29T11:23:02.639] [INFO] successLog - 
*************** response log start ***************
请求方式: GET
请求URL:  /api
请求IP:  127.0.0.1
请求参数Query:  {}
响应: 16
返回状态码: 200
返回数据: 
{"count":0,"rows":[]}
*************** response log end ***************

[2023-01-29T11:23:52.871] [INFO] successLog - 
*************** response log start ***************
请求方式: GET
请求URL:  /api
请求IP:  127.0.0.1
请求参数Query:  {}
响应: 15
返回状态码: 200
返回数据: 
{"count":0,"rows":[]}
*************** response log end ***************

[2023-01-29T11:24:52.398] [INFO] successLog - 
*************** response log start ***************
请求方式: GET
请求URL:  /api
请求IP:  127.0.0.1
请求参数Query:  {}
响应: 15
返回状态码: 200
返回数据: 
{"count":0,"rows":[]}
*************** response log end ***************

[2023-01-29T11:27:10.062] [INFO] successLog - 
*************** response log start ***************
请求方式: GET
请求URL:  /api
请求IP:  127.0.0.1
请求参数Query:  {}
响应: 17
返回状态码: 200
返回数据: 
{"count":0,"rows":[]}
*************** response log end ***************

[2023-01-29T11:28:15.452] [INFO] successLog - 
*************** response log start ***************
请求方式: GET
请求URL:  /api
请求IP:  127.0.0.1
请求参数Query:  {}
响应: 27
返回状态码: 200
返回数据: 
{"count":0,"rows":[]}
*************** response log end ***************

[2023-01-29T11:42:25.235] [INFO] successLog - 
*************** response log start ***************
请求方式: GET
请求URL:  /api
请求IP:  127.0.0.1
请求参数Query:  {}
响应: 16
返回状态码: 200
返回数据: 
{"count":0,"rows":[]}
*************** response log end ***************

[2023-01-29T11:54:08.322] [INFO] successLog - 
*************** response log start ***************
请求方式: GET
请求URL:  /api
请求IP:  127.0.0.1
请求参数Query:  {}
响应: 18
返回状态码: 200
返回数据: 
{"count":0,"rows":[]}
*************** response log end ***************

